<?xml version="1.0" encoding="UTF-8"?>
<!-- Generated by org.testng.reporters.JUnitReportReporter -->
<testsuite hostname="Sakshi" failures="0" tests="1" name="testNGAnnotation.TestNGAnnotation" time="0.011" errors="0" timestamp="2023-09-18T23:01:46 IST" skipped="0">
  <testcase classname="testNGAnnotation.TestNGAnnotation" name="method_Test_Annotation" time="0.011">
    <system-out>
      <![CDATA[Test_Annotation]]>
    </system-out>
  </testcase> <!-- method_Test_Annotation -->
  <system-out>
    <![CDATA[Method before Suite
Method before Test
Method Before Class
Method Before Method
Test_Annotation
Method after Method
Method After Class
Method After Test
Method After Suite]]>
  </system-out>
</testsuite> <!-- testNGAnnotation.TestNGAnnotation -->
