<?xml version="1.0" encoding="UTF-8"?>
<!-- Generated by org.testng.reporters.JUnitReportReporter -->
<testsuite hostname="Sakshi" failures="0" tests="2" name="testNGFlag.PriorityFlag" time="0.015" errors="0" timestamp="2023-09-20T14:16:50 IST" skipped="0">
  <testcase classname="testNGFlag.PriorityFlag" name="a" time="0.013">
    <system-out>
      <![CDATA[a]]>
    </system-out>
  </testcase> <!-- a -->
  <testcase classname="testNGFlag.PriorityFlag" name="f" time="0.002">
    <system-out>
      <![CDATA[f]]>
    </system-out>
  </testcase> <!-- f -->
  <system-out>
    <![CDATA[a
f]]>
  </system-out>
</testsuite> <!-- testNGFlag.PriorityFlag -->
