<?xml version="1.0" encoding="UTF-8"?>
<!-- Generated by org.testng.reporters.JUnitReportReporter -->
<testsuite hostname="Sakshi" failures="0" tests="12" name="testNGFlag.Flag3_InvocationCount" time="0.027" errors="0" timestamp="2023-09-21T22:22:49 IST" skipped="0">
  <testcase classname="testNGFlag.Flag3_InvocationCount" name="logoutMethod" time="0.001"/>
  <testcase classname="testNGFlag.Flag3_InvocationCount" name="createUserMethod" time="0.002"/>
  <testcase classname="testNGFlag.Flag3_InvocationCount" name="createUserMethod" time="0.014"/>
  <testcase classname="testNGFlag.Flag3_InvocationCount" name="loginMethod" time="0.001"/>
  <testcase classname="testNGFlag.Flag3_InvocationCount" name="createUserMethod" time="0.001"/>
  <testcase classname="testNGFlag.Flag3_InvocationCount" name="createUserMethod" time="0.001"/>
  <testcase classname="testNGFlag.Flag3_InvocationCount" name="createUserMethod" time="0.001"/>
  <testcase classname="testNGFlag.Flag3_InvocationCount" name="createUserMethod" time="0.001"/>
  <testcase classname="testNGFlag.Flag3_InvocationCount" name="createUserMethod" time="0.002"/>
  <testcase classname="testNGFlag.Flag3_InvocationCount" name="createUserMethod" time="0.001"/>
  <testcase classname="testNGFlag.Flag3_InvocationCount" name="createUserMethod" time="0.001"/>
  <testcase classname="testNGFlag.Flag3_InvocationCount" name="createUserMethod" time="0.001"/>
</testsuite> <!-- testNGFlag.Flag3_InvocationCount -->
