<?xml version="1.0" encoding="UTF-8"?>
<!-- Generated by org.testng.reporters.JUnitReportReporter -->
<testsuite hostname="Sakshi" failures="0" tests="2" name="testNGAnnotation.TestNGAnnotation1" time="0.013" errors="0" timestamp="2023-09-18T22:59:29 IST" skipped="0">
  <testcase classname="testNGAnnotation.TestNGAnnotation1" name="method_test_annotation2" time="0.002">
    <system-out>
      <![CDATA[TestAnnotation2]]>
    </system-out>
  </testcase> <!-- method_test_annotation2 -->
  <testcase classname="testNGAnnotation.TestNGAnnotation1" name="method_test_annotation1" time="0.011">
    <system-out>
      <![CDATA[TestAnnotation1]]>
    </system-out>
  </testcase> <!-- method_test_annotation1 -->
  <system-out>
    <![CDATA[BeforeSuiteAnnotation
BeforeTestAnnotation
BeforeClassAnnotation
BeforeMethodAnnotation
TestAnnotation1
AfterMethodAnnotation
BeforeMethodAnnotation
TestAnnotation2
AfterMethodAnnotation
AfterClassAnnotation
AfterTestAnnotation
AfterSuiteAnnotation]]>
  </system-out>
</testsuite> <!-- testNGAnnotation.TestNGAnnotation1 -->
