<?xml version="1.0" encoding="UTF-8"?>
<!-- Generated by org.testng.reporters.JUnitReportReporter -->
<testsuite hostname="Sakshi" failures="0" tests="3" name="testNGFlag.Flag5_DependsOnMethod" time="0.014" errors="0" timestamp="2023-09-20T14:46:23 IST" skipped="0">
  <testcase classname="testNGFlag.Flag5_DependsOnMethod" name="logout" time="0.001"/>
  <testcase classname="testNGFlag.Flag5_DependsOnMethod" name="login" time="0.012"/>
  <testcase classname="testNGFlag.Flag5_DependsOnMethod" name="createUser" time="0.001"/>
</testsuite> <!-- testNGFlag.Flag5_DependsOnMethod -->
