<?xml version="1.0" encoding="UTF-8"?>
<!-- Generated by org.testng.reporters.JUnitReportReporter -->
<testsuite hostname="Sakshi" failures="0" tests="2" name="testNG.Demo" time="0.016" errors="0" timestamp="2023-09-30T22:19:32 IST" skipped="0">
  <testcase classname="testNG.Demo" name="method2" time="0.001"/>
  <testcase classname="testNG.Demo" name="method1" time="0.015">
    <system-out>
      <![CDATA[Method1]]>
    </system-out>
  </testcase> <!-- method1 -->
  <system-out>
    <![CDATA[Method1]]>
  </system-out>
</testsuite> <!-- testNG.Demo -->
