<?xml version="1.0" encoding="UTF-8"?>
<!-- Generated by org.testng.reporters.JUnitReportReporter -->
<testsuite hostname="Sakshi" failures="0" tests="2" name="testNGExecution.TestNGClass2" time="0.028" errors="0" timestamp="2023-09-30T20:42:41 IST" skipped="0">
  <testcase classname="testNGExecution.TestNGClass2" name="method4" time="0.014">
    <system-out>
      <![CDATA[TestNGClass2: method4]]>
    </system-out>
  </testcase> <!-- method4 -->
  <testcase classname="testNGExecution.TestNGClass2" name="method3" time="0.014">
    <system-out>
      <![CDATA[TestNGClass2: method3]]>
    </system-out>
  </testcase> <!-- method3 -->
  <system-out>
    <![CDATA[TestNGClass2: method3
TestNGClass1: method1
TestNGClass3 : method5
TestNGClass2: method4
TestNGClass1: method2
TestNGClass3 : method6]]>
  </system-out>
</testsuite> <!-- testNGExecution.TestNGClass2 -->
