<?xml version="1.0" encoding="UTF-8"?>
<!-- Generated by org.testng.reporters.JUnitReportReporter -->
<testsuite hostname="Sakshi" failures="0" tests="1" name="practice.Demo" time="0.013" errors="0" timestamp="2023-09-30T19:30:37 IST" skipped="0">
  <testcase classname="practice.Demo" name="m1" time="0.013"/>
</testsuite> <!-- practice.Demo -->
