<?xml version="1.0" encoding="UTF-8"?>
<!-- Generated by org.testng.reporters.JUnitReportReporter -->
<testsuite hostname="Sakshi" failures="0" tests="3" name="testNGFlag.Flag2_EnableFlag" time="0.015" errors="0" timestamp="2023-09-21T09:58:57 IST" skipped="1">
  <testcase classname="testNGFlag.Flag2_EnableFlag" name="loginMethod" time="0.012"/>
  <testcase classname="testNGFlag.Flag2_EnableFlag" name="logoutMethod" time="0.003"/>
  <testcase classname="testNGFlag.Flag2_EnableFlag" name="createUserMethod">
    <skipped/>
  </testcase> <!-- createUserMethod -->
</testsuite> <!-- testNGFlag.Flag2_EnableFlag -->
