<?xml version="1.0" encoding="UTF-8"?>
<!-- Generated by org.testng.reporters.JUnitReportReporter -->
<testsuite hostname="Sakshi" failures="0" tests="18" name="testNGFlag.GroupFlag" time="0.042" errors="0" timestamp="2023-09-20T14:59:02 IST" skipped="0">
  <testcase classname="testNGFlag.GroupFlag" name="sT1" time="0.002"/>
  <testcase classname="testNGFlag.GroupFlag" name="sT5" time="0.001"/>
  <testcase classname="testNGFlag.GroupFlag" name="fT4" time="0.002"/>
  <testcase classname="testNGFlag.GroupFlag" name="sT2" time="0.002"/>
  <testcase classname="testNGFlag.GroupFlag" name="iT1" time="0.001"/>
  <testcase classname="testNGFlag.GroupFlag" name="iT2" time="0.002"/>
  <testcase classname="testNGFlag.GroupFlag" name="iT3" time="0.001"/>
  <testcase classname="testNGFlag.GroupFlag" name="fT3" time="0.002"/>
  <testcase classname="testNGFlag.GroupFlag" name="fT2" time="0.001"/>
  <testcase classname="testNGFlag.GroupFlag" name="iT4" time="0.002"/>
  <testcase classname="testNGFlag.GroupFlag" name="iT5" time="0.001"/>
  <testcase classname="testNGFlag.GroupFlag" name="iT6" time="0.001"/>
  <testcase classname="testNGFlag.GroupFlag" name="fT1" time="0.017"/>
  <testcase classname="testNGFlag.GroupFlag" name="sT6" time="0.001"/>
  <testcase classname="testNGFlag.GroupFlag" name="fT6" time="0.002"/>
  <testcase classname="testNGFlag.GroupFlag" name="sT3" time="0.002"/>
  <testcase classname="testNGFlag.GroupFlag" name="fT5" time="0.001"/>
  <testcase classname="testNGFlag.GroupFlag" name="sT4" time="0.001"/>
</testsuite> <!-- testNGFlag.GroupFlag -->
