<?xml version="1.0" encoding="UTF-8"?>
<!-- Generated by org.testng.reporters.JUnitReportReporter -->
<testsuite hostname="Sakshi" failures="0" tests="1" name="pageObjectModel.TestScenario" time="0.054" errors="0" timestamp="2023-11-30T09:41:48 IST" skipped="0">
  <testcase classname="pageObjectModel.TestScenario" name="searchOperation" time="0.054"/>
</testsuite> <!-- pageObjectModel.TestScenario -->
