<?xml version="1.0" encoding="UTF-8"?>
<!-- Generated by org.testng.reporters.JUnitReportReporter -->
<testsuite hostname="Sakshi" failures="0" tests="3" name="testNGFlag.Flag1_DescriptionFlag" time="2.884" errors="0" timestamp="2023-09-30T20:55:18 IST" skipped="0">
  <testcase classname="testNGFlag.Flag1_DescriptionFlag" name="loginMethod" time="2.870"/>
  <testcase classname="testNGFlag.Flag1_DescriptionFlag" name="createUserMethod" time="0.012"/>
  <testcase classname="testNGFlag.Flag1_DescriptionFlag" name="logoutMethod" time="0.002"/>
</testsuite> <!-- testNGFlag.Flag1_DescriptionFlag -->
