<?xml version="1.0" encoding="UTF-8"?>
<!-- Generated by org.testng.reporters.JUnitReportReporter -->
<testsuite hostname="Sakshi" failures="0" tests="1" name="testNGExecution.SearchSelenium" time="16.637" errors="0" timestamp="2023-09-30T22:28:08 IST" skipped="0">
  <testcase classname="testNGExecution.SearchSelenium" name="selenium_Search_in_chrome" time="16.637">
    <system-out>
      <![CDATA[selenium]]>
    </system-out>
  </testcase> <!-- selenium_Search_in_chrome -->
  <system-out>
    <![CDATA[Java
selenium]]>
  </system-out>
</testsuite> <!-- testNGExecution.SearchSelenium -->
