<?xml version="1.0" encoding="UTF-8"?>
<!-- Generated by org.testng.reporters.JUnitReportReporter -->
<testsuite hostname="Sakshi" failures="0" tests="2" name="testNGExecution.TestNGClass1" time="0.028" errors="0" timestamp="2023-09-30T20:42:41 IST" skipped="0">
  <testcase classname="testNGExecution.TestNGClass1" name="method1" time="0.014">
    <system-out>
      <![CDATA[TestNGClass1: method1]]>
    </system-out>
  </testcase> <!-- method1 -->
  <testcase classname="testNGExecution.TestNGClass1" name="method2" time="0.014">
    <system-out>
      <![CDATA[TestNGClass1: method2]]>
    </system-out>
  </testcase> <!-- method2 -->
  <system-out>
    <![CDATA[TestNGClass2: method3
TestNGClass1: method1
TestNGClass3 : method5
TestNGClass2: method4
TestNGClass1: method2
TestNGClass3 : method6]]>
  </system-out>
</testsuite> <!-- testNGExecution.TestNGClass1 -->
