<?xml version="1.0" encoding="UTF-8"?>
<!-- Generated by org.testng.reporters.JUnitReportReporter -->
<testsuite hostname="Sakshi" failures="0" tests="2" name="testNGFlag.GoogleTestCase" time="12.385" errors="0" timestamp="2023-09-18T14:37:29 IST" skipped="0">
  <testcase classname="testNGFlag.GoogleTestCase" name="search_for_selenium" time="6.731"/>
  <testcase classname="testNGFlag.GoogleTestCase" name="search_for_Java" time="5.654"/>
</testsuite> <!-- testNGFlag.GoogleTestCase -->
