<?xml version="1.0" encoding="UTF-8"?>
<!-- Generated by org.testng.reporters.JUnitReportReporter -->
<testsuite hostname="Sakshi" failures="0" tests="2" name="testNGExecution.SelectBrowser" time="27.872" errors="0" timestamp="2023-09-18T09:12:14 IST" skipped="0">
  <testcase classname="testNGExecution.SelectBrowser" name="select_Browser_Method" time="13.698"/>
  <testcase classname="testNGExecution.SelectBrowser" name="select_Browser_Method" time="14.174"/>
</testsuite> <!-- testNGExecution.SelectBrowser -->
