<?xml version="1.0" encoding="UTF-8"?>
<!-- Generated by org.testng.reporters.JUnitReportReporter -->
<testsuite hostname="Sakshi" failures="0" tests="5" name="testNGFlag.DataProvider" time="15.581" errors="0" timestamp="2023-10-11T21:56:30 IST" skipped="0">
  <testcase classname="testNGFlag.DataProvider" name="setUp" time="3.063"/>
  <testcase classname="testNGFlag.DataProvider" name="setUp" time="2.580"/>
  <testcase classname="testNGFlag.DataProvider" name="setUp" time="3.069"/>
  <testcase classname="testNGFlag.DataProvider" name="setUp" time="3.071"/>
  <testcase classname="testNGFlag.DataProvider" name="setUp" time="3.798"/>
</testsuite> <!-- testNGFlag.DataProvider -->
