<?xml version="1.0" encoding="UTF-8"?>
<!-- Generated by org.testng.reporters.JUnitReportReporter -->
<testsuite hostname="Sakshi" failures="0" tests="1" name="assertion.Assertion1" time="24.739" errors="0" timestamp="2023-10-05T08:30:58 IST" skipped="0">
  <testcase classname="assertion.Assertion1" name="f" time="24.739"/>
</testsuite> <!-- assertion.Assertion1 -->
