<?xml version="1.0" encoding="UTF-8"?>
<!-- Generated by org.testng.reporters.JUnitReportReporter -->
<testsuite hostname="Sakshi" failures="0" tests="3" name="testNGFlag.Flag4_PriorityFlag" time="0.017" errors="0" timestamp="2023-09-21T22:30:14 IST" skipped="0">
  <testcase classname="testNGFlag.Flag4_PriorityFlag" name="loginMethod" time="0.014"/>
  <testcase classname="testNGFlag.Flag4_PriorityFlag" name="createUserMethod" time="0.002"/>
  <testcase classname="testNGFlag.Flag4_PriorityFlag" name="logoutMethod" time="0.001"/>
</testsuite> <!-- testNGFlag.Flag4_PriorityFlag -->
